[2.211s] Invoking command in '/home/drivingswarm/Desktop/ass2/introduction_to_robotics_tutorial/src/reactive_behaviour': PYTHONPATH=/home/drivingswarm/Desktop/ass2/introduction_to_robotics_tutorial/install/reactive_behaviour/lib/python3.8/site-packages:${PYTHONPATH} /usr/bin/python3 setup.py egg_info --egg-base ../../build/reactive_behaviour build --build-base /home/drivingswarm/Desktop/ass2/introduction_to_robotics_tutorial/build/reactive_behaviour/build install --prefix /home/drivingswarm/Desktop/ass2/introduction_to_robotics_tutorial/install/reactive_behaviour --record /home/drivingswarm/Desktop/ass2/introduction_to_robotics_tutorial/build/reactive_behaviour/install.log --single-version-externally-managed
[2.876s] running egg_info
[2.876s] writing ../../build/reactive_behaviour/reactive_behaviour.egg-info/PKG-INFO
[2.876s] writing dependency_links to ../../build/reactive_behaviour/reactive_behaviour.egg-info/dependency_links.txt
[2.876s] writing entry points to ../../build/reactive_behaviour/reactive_behaviour.egg-info/entry_points.txt
[2.881s] writing requirements to ../../build/reactive_behaviour/reactive_behaviour.egg-info/requires.txt
[2.881s] writing top-level names to ../../build/reactive_behaviour/reactive_behaviour.egg-info/top_level.txt
[2.992s] reading manifest file '../../build/reactive_behaviour/reactive_behaviour.egg-info/SOURCES.txt'
[2.992s] writing manifest file '../../build/reactive_behaviour/reactive_behaviour.egg-info/SOURCES.txt'
[2.992s] running build
[2.993s] running build_py
[2.993s] copying reactive_behaviour/controller.py -> /home/drivingswarm/Desktop/ass2/introduction_to_robotics_tutorial/build/reactive_behaviour/build/lib/reactive_behaviour
[2.993s] running install
[2.997s] running install_lib
[3.004s] copying /home/drivingswarm/Desktop/ass2/introduction_to_robotics_tutorial/build/reactive_behaviour/build/lib/reactive_behaviour/controller.py -> /home/drivingswarm/Desktop/ass2/introduction_to_robotics_tutorial/install/reactive_behaviour/lib/python3.8/site-packages/reactive_behaviour
[3.004s] byte-compiling /home/drivingswarm/Desktop/ass2/introduction_to_robotics_tutorial/install/reactive_behaviour/lib/python3.8/site-packages/reactive_behaviour/controller.py to controller.cpython-38.pyc
[3.007s] running install_data
[3.009s] running install_egg_info
[3.016s] removing '/home/drivingswarm/Desktop/ass2/introduction_to_robotics_tutorial/install/reactive_behaviour/lib/python3.8/site-packages/reactive_behaviour-0.0.0-py3.8.egg-info' (and everything under it)
[3.016s] Copying ../../build/reactive_behaviour/reactive_behaviour.egg-info to /home/drivingswarm/Desktop/ass2/introduction_to_robotics_tutorial/install/reactive_behaviour/lib/python3.8/site-packages/reactive_behaviour-0.0.0-py3.8.egg-info
[3.016s] running install_scripts
[3.076s] Installing controller script to /home/drivingswarm/Desktop/ass2/introduction_to_robotics_tutorial/install/reactive_behaviour/lib/reactive_behaviour
[3.080s] Installing scoring script to /home/drivingswarm/Desktop/ass2/introduction_to_robotics_tutorial/install/reactive_behaviour/lib/reactive_behaviour
[3.081s] writing list of installed files to '/home/drivingswarm/Desktop/ass2/introduction_to_robotics_tutorial/build/reactive_behaviour/install.log'
[3.120s] Invoked command in '/home/drivingswarm/Desktop/ass2/introduction_to_robotics_tutorial/src/reactive_behaviour' returned '0': PYTHONPATH=/home/drivingswarm/Desktop/ass2/introduction_to_robotics_tutorial/install/reactive_behaviour/lib/python3.8/site-packages:${PYTHONPATH} /usr/bin/python3 setup.py egg_info --egg-base ../../build/reactive_behaviour build --build-base /home/drivingswarm/Desktop/ass2/introduction_to_robotics_tutorial/build/reactive_behaviour/build install --prefix /home/drivingswarm/Desktop/ass2/introduction_to_robotics_tutorial/install/reactive_behaviour --record /home/drivingswarm/Desktop/ass2/introduction_to_robotics_tutorial/build/reactive_behaviour/install.log --single-version-externally-managed
