running egg_info
creating ../../build/reactive_behaviour/reactive_behaviour.egg-info
writing ../../build/reactive_behaviour/reactive_behaviour.egg-info/PKG-INFO
writing dependency_links to ../../build/reactive_behaviour/reactive_behaviour.egg-info/dependency_links.txt
writing entry points to ../../build/reactive_behaviour/reactive_behaviour.egg-info/entry_points.txt
writing requirements to ../../build/reactive_behaviour/reactive_behaviour.egg-info/requires.txt
writing top-level names to ../../build/reactive_behaviour/reactive_behaviour.egg-info/top_level.txt
writing manifest file '../../build/reactive_behaviour/reactive_behaviour.egg-info/SOURCES.txt'
reading manifest file '../../build/reactive_behaviour/reactive_behaviour.egg-info/SOURCES.txt'
writing manifest file '../../build/reactive_behaviour/reactive_behaviour.egg-info/SOURCES.txt'
running build
running build_py
creating /home/drivingswarm/Desktop/ass2/introduction_to_robotics_tutorial/build/reactive_behaviour/build
creating /home/drivingswarm/Desktop/ass2/introduction_to_robotics_tutorial/build/reactive_behaviour/build/lib
creating /home/drivingswarm/Desktop/ass2/introduction_to_robotics_tutorial/build/reactive_behaviour/build/lib/reactive_behaviour
copying reactive_behaviour/controller.py -> /home/drivingswarm/Desktop/ass2/introduction_to_robotics_tutorial/build/reactive_behaviour/build/lib/reactive_behaviour
copying reactive_behaviour/__init__.py -> /home/drivingswarm/Desktop/ass2/introduction_to_robotics_tutorial/build/reactive_behaviour/build/lib/reactive_behaviour
copying reactive_behaviour/scoring.py -> /home/drivingswarm/Desktop/ass2/introduction_to_robotics_tutorial/build/reactive_behaviour/build/lib/reactive_behaviour
running install
running install_lib
creating /home/drivingswarm/Desktop/ass2/introduction_to_robotics_tutorial/install/reactive_behaviour/lib/python3.8/site-packages/reactive_behaviour
copying /home/drivingswarm/Desktop/ass2/introduction_to_robotics_tutorial/build/reactive_behaviour/build/lib/reactive_behaviour/controller.py -> /home/drivingswarm/Desktop/ass2/introduction_to_robotics_tutorial/install/reactive_behaviour/lib/python3.8/site-packages/reactive_behaviour
copying /home/drivingswarm/Desktop/ass2/introduction_to_robotics_tutorial/build/reactive_behaviour/build/lib/reactive_behaviour/__init__.py -> /home/drivingswarm/Desktop/ass2/introduction_to_robotics_tutorial/install/reactive_behaviour/lib/python3.8/site-packages/reactive_behaviour
copying /home/drivingswarm/Desktop/ass2/introduction_to_robotics_tutorial/build/reactive_behaviour/build/lib/reactive_behaviour/scoring.py -> /home/drivingswarm/Desktop/ass2/introduction_to_robotics_tutorial/install/reactive_behaviour/lib/python3.8/site-packages/reactive_behaviour
byte-compiling /home/drivingswarm/Desktop/ass2/introduction_to_robotics_tutorial/install/reactive_behaviour/lib/python3.8/site-packages/reactive_behaviour/controller.py to controller.cpython-38.pyc
byte-compiling /home/drivingswarm/Desktop/ass2/introduction_to_robotics_tutorial/install/reactive_behaviour/lib/python3.8/site-packages/reactive_behaviour/__init__.py to __init__.cpython-38.pyc
byte-compiling /home/drivingswarm/Desktop/ass2/introduction_to_robotics_tutorial/install/reactive_behaviour/lib/python3.8/site-packages/reactive_behaviour/scoring.py to scoring.cpython-38.pyc
running install_data
creating /home/drivingswarm/Desktop/ass2/introduction_to_robotics_tutorial/install/reactive_behaviour/share/ament_index
creating /home/drivingswarm/Desktop/ass2/introduction_to_robotics_tutorial/install/reactive_behaviour/share/ament_index/resource_index
creating /home/drivingswarm/Desktop/ass2/introduction_to_robotics_tutorial/install/reactive_behaviour/share/ament_index/resource_index/packages
copying resource/reactive_behaviour -> /home/drivingswarm/Desktop/ass2/introduction_to_robotics_tutorial/install/reactive_behaviour/share/ament_index/resource_index/packages
copying package.xml -> /home/drivingswarm/Desktop/ass2/introduction_to_robotics_tutorial/install/reactive_behaviour/share/reactive_behaviour
creating /home/drivingswarm/Desktop/ass2/introduction_to_robotics_tutorial/install/reactive_behaviour/share/reactive_behaviour/launch
copying launch/robot.launch.py -> /home/drivingswarm/Desktop/ass2/introduction_to_robotics_tutorial/install/reactive_behaviour/share/reactive_behaviour/launch
running install_egg_info
Copying ../../build/reactive_behaviour/reactive_behaviour.egg-info to /home/drivingswarm/Desktop/ass2/introduction_to_robotics_tutorial/install/reactive_behaviour/lib/python3.8/site-packages/reactive_behaviour-0.0.0-py3.8.egg-info
running install_scripts
Installing controller script to /home/drivingswarm/Desktop/ass2/introduction_to_robotics_tutorial/install/reactive_behaviour/lib/reactive_behaviour
Installing scoring script to /home/drivingswarm/Desktop/ass2/introduction_to_robotics_tutorial/install/reactive_behaviour/lib/reactive_behaviour
writing list of installed files to '/home/drivingswarm/Desktop/ass2/introduction_to_robotics_tutorial/build/reactive_behaviour/install.log'
