[1.518s] Invoking command in '/home/drivingswarm/Desktop/ass2/introduction_to_robotics_tutorial/src/reactive_behaviour': PYTHONPATH=/home/drivingswarm/Desktop/ass2/introduction_to_robotics_tutorial/install/reactive_behaviour/lib/python3.8/site-packages:${PYTHONPATH} /usr/bin/python3 setup.py egg_info --egg-base ../../build/reactive_behaviour build --build-base /home/drivingswarm/Desktop/ass2/introduction_to_robotics_tutorial/build/reactive_behaviour/build install --prefix /home/drivingswarm/Desktop/ass2/introduction_to_robotics_tutorial/install/reactive_behaviour --record /home/drivingswarm/Desktop/ass2/introduction_to_robotics_tutorial/build/reactive_behaviour/install.log --single-version-externally-managed
[1.782s] running egg_info
[1.783s] writing ../../build/reactive_behaviour/reactive_behaviour.egg-info/PKG-INFO
[1.792s] writing dependency_links to ../../build/reactive_behaviour/reactive_behaviour.egg-info/dependency_links.txt
[1.792s] writing entry points to ../../build/reactive_behaviour/reactive_behaviour.egg-info/entry_points.txt
[1.792s] writing requirements to ../../build/reactive_behaviour/reactive_behaviour.egg-info/requires.txt
[1.792s] writing top-level names to ../../build/reactive_behaviour/reactive_behaviour.egg-info/top_level.txt
[1.832s] reading manifest file '../../build/reactive_behaviour/reactive_behaviour.egg-info/SOURCES.txt'
[1.835s] writing manifest file '../../build/reactive_behaviour/reactive_behaviour.egg-info/SOURCES.txt'
[1.835s] running build
[1.835s] running build_py
[1.839s] copying reactive_behaviour/controller.py -> /home/drivingswarm/Desktop/ass2/introduction_to_robotics_tutorial/build/reactive_behaviour/build/lib/reactive_behaviour
[1.840s] running install
[1.841s] running install_lib
[1.843s] copying /home/drivingswarm/Desktop/ass2/introduction_to_robotics_tutorial/build/reactive_behaviour/build/lib/reactive_behaviour/controller.py -> /home/drivingswarm/Desktop/ass2/introduction_to_robotics_tutorial/install/reactive_behaviour/lib/python3.8/site-packages/reactive_behaviour
[1.844s] byte-compiling /home/drivingswarm/Desktop/ass2/introduction_to_robotics_tutorial/install/reactive_behaviour/lib/python3.8/site-packages/reactive_behaviour/controller.py to controller.cpython-38.pyc
[1.846s] running install_data
[1.847s] running install_egg_info
[1.849s] removing '/home/drivingswarm/Desktop/ass2/introduction_to_robotics_tutorial/install/reactive_behaviour/lib/python3.8/site-packages/reactive_behaviour-0.0.0-py3.8.egg-info' (and everything under it)
[1.850s] Copying ../../build/reactive_behaviour/reactive_behaviour.egg-info to /home/drivingswarm/Desktop/ass2/introduction_to_robotics_tutorial/install/reactive_behaviour/lib/python3.8/site-packages/reactive_behaviour-0.0.0-py3.8.egg-info
[1.852s] running install_scripts
[1.870s] Installing controller script to /home/drivingswarm/Desktop/ass2/introduction_to_robotics_tutorial/install/reactive_behaviour/lib/reactive_behaviour
[1.875s] Installing scoring script to /home/drivingswarm/Desktop/ass2/introduction_to_robotics_tutorial/install/reactive_behaviour/lib/reactive_behaviour
[1.876s] writing list of installed files to '/home/drivingswarm/Desktop/ass2/introduction_to_robotics_tutorial/build/reactive_behaviour/install.log'
[1.906s] Invoked command in '/home/drivingswarm/Desktop/ass2/introduction_to_robotics_tutorial/src/reactive_behaviour' returned '0': PYTHONPATH=/home/drivingswarm/Desktop/ass2/introduction_to_robotics_tutorial/install/reactive_behaviour/lib/python3.8/site-packages:${PYTHONPATH} /usr/bin/python3 setup.py egg_info --egg-base ../../build/reactive_behaviour build --build-base /home/drivingswarm/Desktop/ass2/introduction_to_robotics_tutorial/build/reactive_behaviour/build install --prefix /home/drivingswarm/Desktop/ass2/introduction_to_robotics_tutorial/install/reactive_behaviour --record /home/drivingswarm/Desktop/ass2/introduction_to_robotics_tutorial/build/reactive_behaviour/install.log --single-version-externally-managed
