[2.008s] Invoking command in '/home/drivingswarm/Desktop/ass2/introduction_to_robotics_tutorial/src/watchdog': PYTHONPATH=/home/drivingswarm/Desktop/ass2/introduction_to_robotics_tutorial/install/watchdog/lib/python3.8/site-packages:${PYTHONPATH} /usr/bin/python3 setup.py egg_info --egg-base ../../build/watchdog build --build-base /home/drivingswarm/Desktop/ass2/introduction_to_robotics_tutorial/build/watchdog/build install --prefix /home/drivingswarm/Desktop/ass2/introduction_to_robotics_tutorial/install/watchdog --record /home/drivingswarm/Desktop/ass2/introduction_to_robotics_tutorial/build/watchdog/install.log --single-version-externally-managed
[2.540s] running egg_info
[2.546s] creating ../../build/watchdog/watchdog.egg-info
[2.552s] writing ../../build/watchdog/watchdog.egg-info/PKG-INFO
[2.552s] writing dependency_links to ../../build/watchdog/watchdog.egg-info/dependency_links.txt
[2.552s] writing entry points to ../../build/watchdog/watchdog.egg-info/entry_points.txt
[2.553s] writing requirements to ../../build/watchdog/watchdog.egg-info/requires.txt
[2.558s] writing top-level names to ../../build/watchdog/watchdog.egg-info/top_level.txt
[2.570s] writing manifest file '../../build/watchdog/watchdog.egg-info/SOURCES.txt'
[2.657s] reading manifest file '../../build/watchdog/watchdog.egg-info/SOURCES.txt'
[2.661s] writing manifest file '../../build/watchdog/watchdog.egg-info/SOURCES.txt'
[2.664s] running build
[2.664s] running build_py
[2.664s] creating /home/drivingswarm/Desktop/ass2/introduction_to_robotics_tutorial/build/watchdog/build
[2.665s] creating /home/drivingswarm/Desktop/ass2/introduction_to_robotics_tutorial/build/watchdog/build/lib
[2.665s] creating /home/drivingswarm/Desktop/ass2/introduction_to_robotics_tutorial/build/watchdog/build/lib/watchdog
[2.665s] copying watchdog/watchdog.py -> /home/drivingswarm/Desktop/ass2/introduction_to_robotics_tutorial/build/watchdog/build/lib/watchdog
[2.666s] copying watchdog/controller.py -> /home/drivingswarm/Desktop/ass2/introduction_to_robotics_tutorial/build/watchdog/build/lib/watchdog
[2.667s] copying watchdog/__init__.py -> /home/drivingswarm/Desktop/ass2/introduction_to_robotics_tutorial/build/watchdog/build/lib/watchdog
[2.667s] running install
[2.671s] running install_lib
[2.678s] creating /home/drivingswarm/Desktop/ass2/introduction_to_robotics_tutorial/install/watchdog/lib/python3.8/site-packages/watchdog
[2.679s] copying /home/drivingswarm/Desktop/ass2/introduction_to_robotics_tutorial/build/watchdog/build/lib/watchdog/watchdog.py -> /home/drivingswarm/Desktop/ass2/introduction_to_robotics_tutorial/install/watchdog/lib/python3.8/site-packages/watchdog
[2.680s] copying /home/drivingswarm/Desktop/ass2/introduction_to_robotics_tutorial/build/watchdog/build/lib/watchdog/controller.py -> /home/drivingswarm/Desktop/ass2/introduction_to_robotics_tutorial/install/watchdog/lib/python3.8/site-packages/watchdog
[2.684s] copying /home/drivingswarm/Desktop/ass2/introduction_to_robotics_tutorial/build/watchdog/build/lib/watchdog/__init__.py -> /home/drivingswarm/Desktop/ass2/introduction_to_robotics_tutorial/install/watchdog/lib/python3.8/site-packages/watchdog
[2.684s] byte-compiling /home/drivingswarm/Desktop/ass2/introduction_to_robotics_tutorial/install/watchdog/lib/python3.8/site-packages/watchdog/watchdog.py to watchdog.cpython-38.pyc
[2.694s] byte-compiling /home/drivingswarm/Desktop/ass2/introduction_to_robotics_tutorial/install/watchdog/lib/python3.8/site-packages/watchdog/controller.py to controller.cpython-38.pyc
[2.697s] byte-compiling /home/drivingswarm/Desktop/ass2/introduction_to_robotics_tutorial/install/watchdog/lib/python3.8/site-packages/watchdog/__init__.py to __init__.cpython-38.pyc
[2.700s] running install_data
[2.700s] creating /home/drivingswarm/Desktop/ass2/introduction_to_robotics_tutorial/install/watchdog/share/ament_index
[2.700s] creating /home/drivingswarm/Desktop/ass2/introduction_to_robotics_tutorial/install/watchdog/share/ament_index/resource_index
[2.706s] creating /home/drivingswarm/Desktop/ass2/introduction_to_robotics_tutorial/install/watchdog/share/ament_index/resource_index/packages
[2.708s] copying resource/watchdog -> /home/drivingswarm/Desktop/ass2/introduction_to_robotics_tutorial/install/watchdog/share/ament_index/resource_index/packages
[2.709s] copying package.xml -> /home/drivingswarm/Desktop/ass2/introduction_to_robotics_tutorial/install/watchdog/share/watchdog
[2.714s] creating /home/drivingswarm/Desktop/ass2/introduction_to_robotics_tutorial/install/watchdog/share/watchdog/launch
[2.715s] copying launch/watchdog.launch.py -> /home/drivingswarm/Desktop/ass2/introduction_to_robotics_tutorial/install/watchdog/share/watchdog/launch
[2.716s] running install_egg_info
[2.727s] Copying ../../build/watchdog/watchdog.egg-info to /home/drivingswarm/Desktop/ass2/introduction_to_robotics_tutorial/install/watchdog/lib/python3.8/site-packages/watchdog-0.0.0-py3.8.egg-info
[2.728s] running install_scripts
[2.774s] Installing controller script to /home/drivingswarm/Desktop/ass2/introduction_to_robotics_tutorial/install/watchdog/lib/watchdog
[2.774s] Installing watchdog script to /home/drivingswarm/Desktop/ass2/introduction_to_robotics_tutorial/install/watchdog/lib/watchdog
[2.775s] writing list of installed files to '/home/drivingswarm/Desktop/ass2/introduction_to_robotics_tutorial/build/watchdog/install.log'
[2.840s] Invoked command in '/home/drivingswarm/Desktop/ass2/introduction_to_robotics_tutorial/src/watchdog' returned '0': PYTHONPATH=/home/drivingswarm/Desktop/ass2/introduction_to_robotics_tutorial/install/watchdog/lib/python3.8/site-packages:${PYTHONPATH} /usr/bin/python3 setup.py egg_info --egg-base ../../build/watchdog build --build-base /home/drivingswarm/Desktop/ass2/introduction_to_robotics_tutorial/build/watchdog/build install --prefix /home/drivingswarm/Desktop/ass2/introduction_to_robotics_tutorial/install/watchdog --record /home/drivingswarm/Desktop/ass2/introduction_to_robotics_tutorial/build/watchdog/install.log --single-version-externally-managed
