[0.999s] DEBUG:colcon:Command line arguments: ['/usr/bin/colcon', 'build']
[1.000s] DEBUG:colcon:Parsed command line arguments: Namespace(allow_overriding=[], ament_cmake_args=None, base_paths=['.'], build_base='build', catkin_cmake_args=None, catkin_skip_building_tests=False, cmake_args=None, cmake_clean_cache=False, cmake_clean_first=False, cmake_force_configure=False, cmake_target=None, cmake_target_skip_unavailable=False, continue_on_error=False, event_handlers=None, executor='parallel', ignore_user_meta=False, install_base='install', log_base=None, log_level=None, main=<bound method BuildVerb.main of <colcon_core.verb.build.BuildVerb object at 0x7f4478bae520>>, merge_install=False, metas=['./colcon.meta'], packages_above=None, packages_above_and_dependencies=None, packages_above_depth=None, packages_end=None, packages_ignore=None, packages_ignore_regex=None, packages_select=None, packages_select_build_failed=False, packages_select_by_dep=None, packages_select_regex=None, packages_select_test_failures=False, packages_skip=None, packages_skip_build_finished=False, packages_skip_by_dep=None, packages_skip_regex=None, packages_skip_test_passed=False, packages_skip_up_to=None, packages_start=None, packages_up_to=None, packages_up_to_regex=None, parallel_workers=4, paths=None, symlink_install=False, test_result_base=None, verb_extension=<colcon_core.verb.build.BuildVerb object at 0x7f4478bae520>, verb_name='build', verb_parser=<colcon_defaults.argument_parser.defaults.DefaultArgumentsDecorator object at 0x7f4478baea60>)
[1.078s] Level 1:colcon.colcon_core.package_discovery:discover_packages(colcon_meta) check parameters
[1.078s] Level 1:colcon.colcon_core.package_discovery:discover_packages(recursive) check parameters
[1.078s] Level 1:colcon.colcon_core.package_discovery:discover_packages(ignore) check parameters
[1.078s] Level 1:colcon.colcon_core.package_discovery:discover_packages(path) check parameters
[1.078s] Level 1:colcon.colcon_core.package_discovery:discover_packages(colcon_meta) discover
[1.078s] Level 1:colcon.colcon_core.package_discovery:discover_packages(recursive) discover
[1.079s] INFO:colcon.colcon_core.package_discovery:Crawling recursively for packages in '/home/drivingswarm/Desktop/ass2/introduction_to_robotics_tutorial'
[1.079s] Level 1:colcon.colcon_core.package_identification:_identify(.) by extensions ['ignore', 'ignore_ament_install']
[1.080s] Level 1:colcon.colcon_core.package_identification:_identify(.) by extension 'ignore'
[1.081s] Level 1:colcon.colcon_core.package_identification:_identify(.) by extension 'ignore_ament_install'
[1.081s] Level 1:colcon.colcon_core.package_identification:_identify(.) by extensions ['colcon_pkg']
[1.081s] Level 1:colcon.colcon_core.package_identification:_identify(.) by extension 'colcon_pkg'
[1.081s] Level 1:colcon.colcon_core.package_identification:_identify(.) by extensions ['colcon_meta']
[1.081s] Level 1:colcon.colcon_core.package_identification:_identify(.) by extension 'colcon_meta'
[1.081s] Level 1:colcon.colcon_core.package_identification:_identify(.) by extensions ['ros']
[1.081s] Level 1:colcon.colcon_core.package_identification:_identify(.) by extension 'ros'
[1.131s] Level 1:colcon.colcon_core.package_identification:_identify(.) by extensions ['cmake', 'python']
[1.131s] Level 1:colcon.colcon_core.package_identification:_identify(.) by extension 'cmake'
[1.131s] Level 1:colcon.colcon_core.package_identification:_identify(.) by extension 'python'
[1.135s] Level 1:colcon.colcon_core.package_identification:_identify(.) by extensions ['python_setup_py']
[1.135s] Level 1:colcon.colcon_core.package_identification:_identify(.) by extension 'python_setup_py'
[1.136s] Level 1:colcon.colcon_core.package_identification:_identify(build) by extensions ['ignore', 'ignore_ament_install']
[1.136s] Level 1:colcon.colcon_core.package_identification:_identify(build) by extension 'ignore'
[1.136s] Level 1:colcon.colcon_core.package_identification:_identify(build) ignored
[1.136s] Level 1:colcon.colcon_core.package_identification:_identify(install) by extensions ['ignore', 'ignore_ament_install']
[1.136s] Level 1:colcon.colcon_core.package_identification:_identify(install) by extension 'ignore'
[1.136s] Level 1:colcon.colcon_core.package_identification:_identify(install) ignored
[1.137s] Level 1:colcon.colcon_core.package_identification:_identify(log) by extensions ['ignore', 'ignore_ament_install']
[1.137s] Level 1:colcon.colcon_core.package_identification:_identify(log) by extension 'ignore'
[1.137s] Level 1:colcon.colcon_core.package_identification:_identify(log) ignored
[1.137s] Level 1:colcon.colcon_core.package_identification:_identify(src) by extensions ['ignore', 'ignore_ament_install']
[1.138s] Level 1:colcon.colcon_core.package_identification:_identify(src) by extension 'ignore'
[1.138s] Level 1:colcon.colcon_core.package_identification:_identify(src) by extension 'ignore_ament_install'
[1.138s] Level 1:colcon.colcon_core.package_identification:_identify(src) by extensions ['colcon_pkg']
[1.138s] Level 1:colcon.colcon_core.package_identification:_identify(src) by extension 'colcon_pkg'
[1.138s] Level 1:colcon.colcon_core.package_identification:_identify(src) by extensions ['colcon_meta']
[1.138s] Level 1:colcon.colcon_core.package_identification:_identify(src) by extension 'colcon_meta'
[1.138s] Level 1:colcon.colcon_core.package_identification:_identify(src) by extensions ['ros']
[1.138s] Level 1:colcon.colcon_core.package_identification:_identify(src) by extension 'ros'
[1.138s] Level 1:colcon.colcon_core.package_identification:_identify(src) by extensions ['cmake', 'python']
[1.139s] Level 1:colcon.colcon_core.package_identification:_identify(src) by extension 'cmake'
[1.139s] Level 1:colcon.colcon_core.package_identification:_identify(src) by extension 'python'
[1.139s] Level 1:colcon.colcon_core.package_identification:_identify(src) by extensions ['python_setup_py']
[1.139s] Level 1:colcon.colcon_core.package_identification:_identify(src) by extension 'python_setup_py'
[1.139s] Level 1:colcon.colcon_core.package_identification:_identify(src/reactive_behaviour) by extensions ['ignore', 'ignore_ament_install']
[1.139s] Level 1:colcon.colcon_core.package_identification:_identify(src/reactive_behaviour) by extension 'ignore'
[1.139s] Level 1:colcon.colcon_core.package_identification:_identify(src/reactive_behaviour) by extension 'ignore_ament_install'
[1.139s] Level 1:colcon.colcon_core.package_identification:_identify(src/reactive_behaviour) by extensions ['colcon_pkg']
[1.139s] Level 1:colcon.colcon_core.package_identification:_identify(src/reactive_behaviour) by extension 'colcon_pkg'
[1.140s] Level 1:colcon.colcon_core.package_identification:_identify(src/reactive_behaviour) by extensions ['colcon_meta']
[1.140s] Level 1:colcon.colcon_core.package_identification:_identify(src/reactive_behaviour) by extension 'colcon_meta'
[1.140s] Level 1:colcon.colcon_core.package_identification:_identify(src/reactive_behaviour) by extensions ['ros']
[1.140s] Level 1:colcon.colcon_core.package_identification:_identify(src/reactive_behaviour) by extension 'ros'
[1.151s] DEBUG:colcon.colcon_core.package_identification:Package 'src/reactive_behaviour' with type 'ros.ament_python' and name 'reactive_behaviour'
[1.151s] Level 1:colcon.colcon_core.package_identification:_identify(src/watchdog) by extensions ['ignore', 'ignore_ament_install']
[1.152s] Level 1:colcon.colcon_core.package_identification:_identify(src/watchdog) by extension 'ignore'
[1.152s] Level 1:colcon.colcon_core.package_identification:_identify(src/watchdog) by extension 'ignore_ament_install'
[1.152s] Level 1:colcon.colcon_core.package_identification:_identify(src/watchdog) by extensions ['colcon_pkg']
[1.152s] Level 1:colcon.colcon_core.package_identification:_identify(src/watchdog) by extension 'colcon_pkg'
[1.152s] Level 1:colcon.colcon_core.package_identification:_identify(src/watchdog) by extensions ['colcon_meta']
[1.152s] Level 1:colcon.colcon_core.package_identification:_identify(src/watchdog) by extension 'colcon_meta'
[1.152s] Level 1:colcon.colcon_core.package_identification:_identify(src/watchdog) by extensions ['ros']
[1.152s] Level 1:colcon.colcon_core.package_identification:_identify(src/watchdog) by extension 'ros'
[1.153s] DEBUG:colcon.colcon_core.package_identification:Package 'src/watchdog' with type 'ros.ament_python' and name 'watchdog'
[1.153s] Level 1:colcon.colcon_core.package_discovery:discover_packages(recursive) using defaults
[1.153s] Level 1:colcon.colcon_core.package_discovery:discover_packages(ignore) discover
[1.153s] Level 1:colcon.colcon_core.package_discovery:discover_packages(ignore) using defaults
[1.153s] Level 1:colcon.colcon_core.package_discovery:discover_packages(path) discover
[1.153s] Level 1:colcon.colcon_core.package_discovery:discover_packages(path) using defaults
[1.329s] Level 5:colcon.colcon_core.verb:set package 'reactive_behaviour' build argument 'cmake_args' from command line to 'None'
[1.329s] Level 5:colcon.colcon_core.verb:set package 'reactive_behaviour' build argument 'cmake_target' from command line to 'None'
[1.329s] Level 5:colcon.colcon_core.verb:set package 'reactive_behaviour' build argument 'cmake_target_skip_unavailable' from command line to 'False'
[1.329s] Level 5:colcon.colcon_core.verb:set package 'reactive_behaviour' build argument 'cmake_clean_cache' from command line to 'False'
[1.329s] Level 5:colcon.colcon_core.verb:set package 'reactive_behaviour' build argument 'cmake_clean_first' from command line to 'False'
[1.329s] Level 5:colcon.colcon_core.verb:set package 'reactive_behaviour' build argument 'cmake_force_configure' from command line to 'False'
[1.330s] Level 5:colcon.colcon_core.verb:set package 'reactive_behaviour' build argument 'ament_cmake_args' from command line to 'None'
[1.330s] Level 5:colcon.colcon_core.verb:set package 'reactive_behaviour' build argument 'catkin_cmake_args' from command line to 'None'
[1.330s] Level 5:colcon.colcon_core.verb:set package 'reactive_behaviour' build argument 'catkin_skip_building_tests' from command line to 'False'
[1.330s] DEBUG:colcon.colcon_core.verb:Building package 'reactive_behaviour' with the following arguments: {'ament_cmake_args': None, 'build_base': '/home/drivingswarm/Desktop/ass2/introduction_to_robotics_tutorial/build/reactive_behaviour', 'catkin_cmake_args': None, 'catkin_skip_building_tests': False, 'cmake_args': None, 'cmake_clean_cache': False, 'cmake_clean_first': False, 'cmake_force_configure': False, 'cmake_target': None, 'cmake_target_skip_unavailable': False, 'install_base': '/home/drivingswarm/Desktop/ass2/introduction_to_robotics_tutorial/install/reactive_behaviour', 'merge_install': False, 'path': '/home/drivingswarm/Desktop/ass2/introduction_to_robotics_tutorial/src/reactive_behaviour', 'symlink_install': False, 'test_result_base': None}
[1.331s] Level 5:colcon.colcon_core.verb:set package 'watchdog' build argument 'cmake_args' from command line to 'None'
[1.331s] Level 5:colcon.colcon_core.verb:set package 'watchdog' build argument 'cmake_target' from command line to 'None'
[1.331s] Level 5:colcon.colcon_core.verb:set package 'watchdog' build argument 'cmake_target_skip_unavailable' from command line to 'False'
[1.331s] Level 5:colcon.colcon_core.verb:set package 'watchdog' build argument 'cmake_clean_cache' from command line to 'False'
[1.331s] Level 5:colcon.colcon_core.verb:set package 'watchdog' build argument 'cmake_clean_first' from command line to 'False'
[1.332s] Level 5:colcon.colcon_core.verb:set package 'watchdog' build argument 'cmake_force_configure' from command line to 'False'
[1.332s] Level 5:colcon.colcon_core.verb:set package 'watchdog' build argument 'ament_cmake_args' from command line to 'None'
[1.332s] Level 5:colcon.colcon_core.verb:set package 'watchdog' build argument 'catkin_cmake_args' from command line to 'None'
[1.332s] Level 5:colcon.colcon_core.verb:set package 'watchdog' build argument 'catkin_skip_building_tests' from command line to 'False'
[1.332s] DEBUG:colcon.colcon_core.verb:Building package 'watchdog' with the following arguments: {'ament_cmake_args': None, 'build_base': '/home/drivingswarm/Desktop/ass2/introduction_to_robotics_tutorial/build/watchdog', 'catkin_cmake_args': None, 'catkin_skip_building_tests': False, 'cmake_args': None, 'cmake_clean_cache': False, 'cmake_clean_first': False, 'cmake_force_configure': False, 'cmake_target': None, 'cmake_target_skip_unavailable': False, 'install_base': '/home/drivingswarm/Desktop/ass2/introduction_to_robotics_tutorial/install/watchdog', 'merge_install': False, 'path': '/home/drivingswarm/Desktop/ass2/introduction_to_robotics_tutorial/src/watchdog', 'symlink_install': False, 'test_result_base': None}
[1.354s] INFO:colcon.colcon_core.executor:Executing jobs using 'parallel' executor
[1.358s] DEBUG:colcon.colcon_parallel_executor.executor.parallel:run_until_complete
[1.358s] INFO:colcon.colcon_ros.task.ament_python.build:Building ROS package in '/home/drivingswarm/Desktop/ass2/introduction_to_robotics_tutorial/src/reactive_behaviour' with build type 'ament_python'
[1.359s] Level 1:colcon.colcon_core.shell:create_environment_hook('reactive_behaviour', 'ament_prefix_path')
[1.382s] INFO:colcon.colcon_core.plugin_system:Skipping extension 'colcon_core.shell.bat': Not used on non-Windows systems
[1.382s] INFO:colcon.colcon_core.shell:Creating environment hook '/home/drivingswarm/Desktop/ass2/introduction_to_robotics_tutorial/install/reactive_behaviour/share/reactive_behaviour/hook/ament_prefix_path.ps1'
[1.384s] INFO:colcon.colcon_core.shell:Creating environment descriptor '/home/drivingswarm/Desktop/ass2/introduction_to_robotics_tutorial/install/reactive_behaviour/share/reactive_behaviour/hook/ament_prefix_path.dsv'
[1.386s] INFO:colcon.colcon_core.shell:Creating environment hook '/home/drivingswarm/Desktop/ass2/introduction_to_robotics_tutorial/install/reactive_behaviour/share/reactive_behaviour/hook/ament_prefix_path.sh'
[1.389s] INFO:colcon.colcon_core.shell:Skip shell extension 'powershell' for command environment: Not usable outside of PowerShell
[1.389s] DEBUG:colcon.colcon_core.shell:Skip shell extension 'dsv' for command environment
[1.403s] INFO:colcon.colcon_ros.task.ament_python.build:Building ROS package in '/home/drivingswarm/Desktop/ass2/introduction_to_robotics_tutorial/src/watchdog' with build type 'ament_python'
[1.404s] Level 1:colcon.colcon_core.shell:create_environment_hook('watchdog', 'ament_prefix_path')
[1.406s] INFO:colcon.colcon_core.shell:Creating environment hook '/home/drivingswarm/Desktop/ass2/introduction_to_robotics_tutorial/install/watchdog/share/watchdog/hook/ament_prefix_path.ps1'
[1.410s] INFO:colcon.colcon_core.shell:Creating environment descriptor '/home/drivingswarm/Desktop/ass2/introduction_to_robotics_tutorial/install/watchdog/share/watchdog/hook/ament_prefix_path.dsv'
[1.411s] INFO:colcon.colcon_core.shell:Creating environment hook '/home/drivingswarm/Desktop/ass2/introduction_to_robotics_tutorial/install/watchdog/share/watchdog/hook/ament_prefix_path.sh'
[1.414s] INFO:colcon.colcon_core.shell:Skip shell extension 'powershell' for command environment: Not usable outside of PowerShell
[1.414s] DEBUG:colcon.colcon_core.shell:Skip shell extension 'dsv' for command environment
[1.793s] INFO:colcon.colcon_core.task.python.build:Building Python package in '/home/drivingswarm/Desktop/ass2/introduction_to_robotics_tutorial/src/reactive_behaviour'
[1.794s] INFO:colcon.colcon_core.shell:Skip shell extension 'powershell' for command environment: Not usable outside of PowerShell
[1.794s] DEBUG:colcon.colcon_core.shell:Skip shell extension 'dsv' for command environment
[2.160s] INFO:colcon.colcon_core.task.python.build:Building Python package in '/home/drivingswarm/Desktop/ass2/introduction_to_robotics_tutorial/src/watchdog'
[2.162s] INFO:colcon.colcon_core.shell:Skip shell extension 'powershell' for command environment: Not usable outside of PowerShell
[2.162s] DEBUG:colcon.colcon_core.shell:Skip shell extension 'dsv' for command environment
[3.416s] DEBUG:colcon.colcon_core.event_handler.log_command:Invoking command in '/home/drivingswarm/Desktop/ass2/introduction_to_robotics_tutorial/src/watchdog': PYTHONPATH=/home/drivingswarm/Desktop/ass2/introduction_to_robotics_tutorial/install/watchdog/lib/python3.8/site-packages:${PYTHONPATH} /usr/bin/python3 setup.py egg_info --egg-base ../../build/watchdog build --build-base /home/drivingswarm/Desktop/ass2/introduction_to_robotics_tutorial/build/watchdog/build install --prefix /home/drivingswarm/Desktop/ass2/introduction_to_robotics_tutorial/install/watchdog --record /home/drivingswarm/Desktop/ass2/introduction_to_robotics_tutorial/build/watchdog/install.log --single-version-externally-managed
[3.433s] DEBUG:colcon.colcon_core.event_handler.log_command:Invoking command in '/home/drivingswarm/Desktop/ass2/introduction_to_robotics_tutorial/src/reactive_behaviour': PYTHONPATH=/home/drivingswarm/Desktop/ass2/introduction_to_robotics_tutorial/install/reactive_behaviour/lib/python3.8/site-packages:${PYTHONPATH} /usr/bin/python3 setup.py egg_info --egg-base ../../build/reactive_behaviour build --build-base /home/drivingswarm/Desktop/ass2/introduction_to_robotics_tutorial/build/reactive_behaviour/build install --prefix /home/drivingswarm/Desktop/ass2/introduction_to_robotics_tutorial/install/reactive_behaviour --record /home/drivingswarm/Desktop/ass2/introduction_to_robotics_tutorial/build/reactive_behaviour/install.log --single-version-externally-managed
[4.248s] DEBUG:colcon.colcon_core.event_handler.log_command:Invoked command in '/home/drivingswarm/Desktop/ass2/introduction_to_robotics_tutorial/src/watchdog' returned '0': PYTHONPATH=/home/drivingswarm/Desktop/ass2/introduction_to_robotics_tutorial/install/watchdog/lib/python3.8/site-packages:${PYTHONPATH} /usr/bin/python3 setup.py egg_info --egg-base ../../build/watchdog build --build-base /home/drivingswarm/Desktop/ass2/introduction_to_robotics_tutorial/build/watchdog/build install --prefix /home/drivingswarm/Desktop/ass2/introduction_to_robotics_tutorial/install/watchdog --record /home/drivingswarm/Desktop/ass2/introduction_to_robotics_tutorial/build/watchdog/install.log --single-version-externally-managed
[4.287s] Level 1:colcon.colcon_core.environment:checking '/home/drivingswarm/Desktop/ass2/introduction_to_robotics_tutorial/install/watchdog' for CMake module files
[4.288s] Level 1:colcon.colcon_core.environment:checking '/home/drivingswarm/Desktop/ass2/introduction_to_robotics_tutorial/install/watchdog' for CMake config files
[4.289s] Level 1:colcon.colcon_core.environment:checking '/home/drivingswarm/Desktop/ass2/introduction_to_robotics_tutorial/install/watchdog/lib'
[4.289s] Level 1:colcon.colcon_core.environment:checking '/home/drivingswarm/Desktop/ass2/introduction_to_robotics_tutorial/install/watchdog/bin'
[4.289s] Level 1:colcon.colcon_core.environment:checking '/home/drivingswarm/Desktop/ass2/introduction_to_robotics_tutorial/install/watchdog/lib/pkgconfig/watchdog.pc'
[4.290s] Level 1:colcon.colcon_core.environment:checking '/home/drivingswarm/Desktop/ass2/introduction_to_robotics_tutorial/install/watchdog/lib/python3.8/site-packages'
[4.290s] Level 1:colcon.colcon_core.shell:create_environment_hook('watchdog', 'pythonpath')
[4.290s] INFO:colcon.colcon_core.shell:Creating environment hook '/home/drivingswarm/Desktop/ass2/introduction_to_robotics_tutorial/install/watchdog/share/watchdog/hook/pythonpath.ps1'
[4.291s] INFO:colcon.colcon_core.shell:Creating environment descriptor '/home/drivingswarm/Desktop/ass2/introduction_to_robotics_tutorial/install/watchdog/share/watchdog/hook/pythonpath.dsv'
[4.291s] INFO:colcon.colcon_core.shell:Creating environment hook '/home/drivingswarm/Desktop/ass2/introduction_to_robotics_tutorial/install/watchdog/share/watchdog/hook/pythonpath.sh'
[4.292s] Level 1:colcon.colcon_core.environment:create_environment_scripts_only(watchdog)
[4.294s] INFO:colcon.colcon_core.shell:Creating package script '/home/drivingswarm/Desktop/ass2/introduction_to_robotics_tutorial/install/watchdog/share/watchdog/package.ps1'
[4.301s] INFO:colcon.colcon_core.shell:Creating package descriptor '/home/drivingswarm/Desktop/ass2/introduction_to_robotics_tutorial/install/watchdog/share/watchdog/package.dsv'
[4.303s] INFO:colcon.colcon_core.shell:Creating package script '/home/drivingswarm/Desktop/ass2/introduction_to_robotics_tutorial/install/watchdog/share/watchdog/package.sh'
[4.307s] INFO:colcon.colcon_core.shell:Creating package script '/home/drivingswarm/Desktop/ass2/introduction_to_robotics_tutorial/install/watchdog/share/watchdog/package.bash'
[4.315s] INFO:colcon.colcon_core.shell:Creating package script '/home/drivingswarm/Desktop/ass2/introduction_to_robotics_tutorial/install/watchdog/share/watchdog/package.zsh'
[4.319s] Level 1:colcon.colcon_core.environment:create_file_with_runtime_dependencies(/home/drivingswarm/Desktop/ass2/introduction_to_robotics_tutorial/install/watchdog/share/colcon-core/packages/watchdog)
[4.325s] Level 1:colcon.colcon_core.environment:checking '/home/drivingswarm/Desktop/ass2/introduction_to_robotics_tutorial/install/reactive_behaviour' for CMake module files
[4.331s] DEBUG:colcon.colcon_core.event_handler.log_command:Invoked command in '/home/drivingswarm/Desktop/ass2/introduction_to_robotics_tutorial/src/reactive_behaviour' returned '0': PYTHONPATH=/home/drivingswarm/Desktop/ass2/introduction_to_robotics_tutorial/install/reactive_behaviour/lib/python3.8/site-packages:${PYTHONPATH} /usr/bin/python3 setup.py egg_info --egg-base ../../build/reactive_behaviour build --build-base /home/drivingswarm/Desktop/ass2/introduction_to_robotics_tutorial/build/reactive_behaviour/build install --prefix /home/drivingswarm/Desktop/ass2/introduction_to_robotics_tutorial/install/reactive_behaviour --record /home/drivingswarm/Desktop/ass2/introduction_to_robotics_tutorial/build/reactive_behaviour/install.log --single-version-externally-managed
[4.333s] Level 1:colcon.colcon_core.environment:checking '/home/drivingswarm/Desktop/ass2/introduction_to_robotics_tutorial/install/reactive_behaviour' for CMake config files
[4.334s] Level 1:colcon.colcon_core.environment:checking '/home/drivingswarm/Desktop/ass2/introduction_to_robotics_tutorial/install/reactive_behaviour/lib'
[4.334s] Level 1:colcon.colcon_core.environment:checking '/home/drivingswarm/Desktop/ass2/introduction_to_robotics_tutorial/install/reactive_behaviour/bin'
[4.334s] Level 1:colcon.colcon_core.environment:checking '/home/drivingswarm/Desktop/ass2/introduction_to_robotics_tutorial/install/reactive_behaviour/lib/pkgconfig/reactive_behaviour.pc'
[4.334s] Level 1:colcon.colcon_core.environment:checking '/home/drivingswarm/Desktop/ass2/introduction_to_robotics_tutorial/install/reactive_behaviour/lib/python3.8/site-packages'
[4.335s] Level 1:colcon.colcon_core.shell:create_environment_hook('reactive_behaviour', 'pythonpath')
[4.335s] INFO:colcon.colcon_core.shell:Creating environment hook '/home/drivingswarm/Desktop/ass2/introduction_to_robotics_tutorial/install/reactive_behaviour/share/reactive_behaviour/hook/pythonpath.ps1'
[4.337s] INFO:colcon.colcon_core.shell:Creating environment descriptor '/home/drivingswarm/Desktop/ass2/introduction_to_robotics_tutorial/install/reactive_behaviour/share/reactive_behaviour/hook/pythonpath.dsv'
[4.337s] INFO:colcon.colcon_core.shell:Creating environment hook '/home/drivingswarm/Desktop/ass2/introduction_to_robotics_tutorial/install/reactive_behaviour/share/reactive_behaviour/hook/pythonpath.sh'
[4.338s] Level 1:colcon.colcon_core.environment:create_environment_scripts_only(reactive_behaviour)
[4.339s] INFO:colcon.colcon_core.shell:Creating package script '/home/drivingswarm/Desktop/ass2/introduction_to_robotics_tutorial/install/reactive_behaviour/share/reactive_behaviour/package.ps1'
[4.341s] INFO:colcon.colcon_core.shell:Creating package descriptor '/home/drivingswarm/Desktop/ass2/introduction_to_robotics_tutorial/install/reactive_behaviour/share/reactive_behaviour/package.dsv'
[4.342s] INFO:colcon.colcon_core.shell:Creating package script '/home/drivingswarm/Desktop/ass2/introduction_to_robotics_tutorial/install/reactive_behaviour/share/reactive_behaviour/package.sh'
[4.342s] INFO:colcon.colcon_core.shell:Creating package script '/home/drivingswarm/Desktop/ass2/introduction_to_robotics_tutorial/install/reactive_behaviour/share/reactive_behaviour/package.bash'
[4.343s] INFO:colcon.colcon_core.shell:Creating package script '/home/drivingswarm/Desktop/ass2/introduction_to_robotics_tutorial/install/reactive_behaviour/share/reactive_behaviour/package.zsh'
[4.343s] Level 1:colcon.colcon_core.environment:create_file_with_runtime_dependencies(/home/drivingswarm/Desktop/ass2/introduction_to_robotics_tutorial/install/reactive_behaviour/share/colcon-core/packages/reactive_behaviour)
[4.344s] DEBUG:colcon.colcon_parallel_executor.executor.parallel:closing loop
[4.346s] DEBUG:colcon.colcon_parallel_executor.executor.parallel:loop closed
[4.346s] DEBUG:colcon.colcon_parallel_executor.executor.parallel:run_until_complete finished with '0'
[4.347s] DEBUG:colcon.colcon_core.event_reactor:joining thread
[4.365s] INFO:colcon.colcon_core.plugin_system:Skipping extension 'colcon_notification.desktop_notification.terminal_notifier': Not used on non-Darwin systems
[4.365s] INFO:colcon.colcon_core.plugin_system:Skipping extension 'colcon_notification.desktop_notification.win32': Not used on non-Windows systems
[4.365s] INFO:colcon.colcon_notification.desktop_notification:Sending desktop notification using 'notify2'
[4.447s] DEBUG:colcon.colcon_core.event_reactor:joined thread
[4.450s] INFO:colcon.colcon_core.shell:Creating prefix script '/home/drivingswarm/Desktop/ass2/introduction_to_robotics_tutorial/install/local_setup.ps1'
[4.455s] INFO:colcon.colcon_core.shell:Creating prefix util module '/home/drivingswarm/Desktop/ass2/introduction_to_robotics_tutorial/install/_local_setup_util_ps1.py'
[4.458s] INFO:colcon.colcon_core.shell:Creating prefix chain script '/home/drivingswarm/Desktop/ass2/introduction_to_robotics_tutorial/install/setup.ps1'
[4.474s] INFO:colcon.colcon_core.shell:Creating prefix script '/home/drivingswarm/Desktop/ass2/introduction_to_robotics_tutorial/install/local_setup.sh'
[4.478s] INFO:colcon.colcon_core.shell:Creating prefix util module '/home/drivingswarm/Desktop/ass2/introduction_to_robotics_tutorial/install/_local_setup_util_sh.py'
[4.480s] INFO:colcon.colcon_core.shell:Creating prefix chain script '/home/drivingswarm/Desktop/ass2/introduction_to_robotics_tutorial/install/setup.sh'
[4.489s] INFO:colcon.colcon_core.shell:Creating prefix script '/home/drivingswarm/Desktop/ass2/introduction_to_robotics_tutorial/install/local_setup.bash'
[4.495s] INFO:colcon.colcon_core.shell:Creating prefix chain script '/home/drivingswarm/Desktop/ass2/introduction_to_robotics_tutorial/install/setup.bash'
[4.513s] INFO:colcon.colcon_core.shell:Creating prefix script '/home/drivingswarm/Desktop/ass2/introduction_to_robotics_tutorial/install/local_setup.zsh'
[4.516s] INFO:colcon.colcon_core.shell:Creating prefix chain script '/home/drivingswarm/Desktop/ass2/introduction_to_robotics_tutorial/install/setup.zsh'
