[1.410s] DEBUG:colcon:Command line arguments: ['/usr/bin/colcon', 'build']
[1.410s] DEBUG:colcon:Parsed command line arguments: Namespace(allow_overriding=[], ament_cmake_args=None, base_paths=['.'], build_base='build', catkin_cmake_args=None, catkin_skip_building_tests=False, cmake_args=None, cmake_clean_cache=False, cmake_clean_first=False, cmake_force_configure=False, cmake_target=None, cmake_target_skip_unavailable=False, continue_on_error=False, event_handlers=None, executor='parallel', ignore_user_meta=False, install_base='install', log_base=None, log_level=None, main=<bound method BuildVerb.main of <colcon_core.verb.build.BuildVerb object at 0x7f2aa5ee1550>>, merge_install=False, metas=['./colcon.meta'], packages_above=None, packages_above_and_dependencies=None, packages_above_depth=None, packages_end=None, packages_ignore=None, packages_ignore_regex=None, packages_select=None, packages_select_build_failed=False, packages_select_by_dep=None, packages_select_regex=None, packages_select_test_failures=False, packages_skip=None, packages_skip_build_finished=False, packages_skip_by_dep=None, packages_skip_regex=None, packages_skip_test_passed=False, packages_skip_up_to=None, packages_start=None, packages_up_to=None, packages_up_to_regex=None, parallel_workers=4, paths=None, symlink_install=False, test_result_base=None, verb_extension=<colcon_core.verb.build.BuildVerb object at 0x7f2aa5ee1550>, verb_name='build', verb_parser=<colcon_defaults.argument_parser.defaults.DefaultArgumentsDecorator object at 0x7f2aa5ee1a90>)
[1.468s] Level 1:colcon.colcon_core.package_discovery:discover_packages(colcon_meta) check parameters
[1.469s] Level 1:colcon.colcon_core.package_discovery:discover_packages(recursive) check parameters
[1.469s] Level 1:colcon.colcon_core.package_discovery:discover_packages(ignore) check parameters
[1.469s] Level 1:colcon.colcon_core.package_discovery:discover_packages(path) check parameters
[1.469s] Level 1:colcon.colcon_core.package_discovery:discover_packages(colcon_meta) discover
[1.469s] Level 1:colcon.colcon_core.package_discovery:discover_packages(recursive) discover
[1.469s] INFO:colcon.colcon_core.package_discovery:Crawling recursively for packages in '/home/drivingswarm/Desktop/ass2/introduction_to_robotics_tutorial'
[1.469s] Level 1:colcon.colcon_core.package_identification:_identify(.) by extensions ['ignore', 'ignore_ament_install']
[1.469s] Level 1:colcon.colcon_core.package_identification:_identify(.) by extension 'ignore'
[1.469s] Level 1:colcon.colcon_core.package_identification:_identify(.) by extension 'ignore_ament_install'
[1.470s] Level 1:colcon.colcon_core.package_identification:_identify(.) by extensions ['colcon_pkg']
[1.470s] Level 1:colcon.colcon_core.package_identification:_identify(.) by extension 'colcon_pkg'
[1.470s] Level 1:colcon.colcon_core.package_identification:_identify(.) by extensions ['colcon_meta']
[1.470s] Level 1:colcon.colcon_core.package_identification:_identify(.) by extension 'colcon_meta'
[1.470s] Level 1:colcon.colcon_core.package_identification:_identify(.) by extensions ['ros']
[1.470s] Level 1:colcon.colcon_core.package_identification:_identify(.) by extension 'ros'
[1.526s] Level 1:colcon.colcon_core.package_identification:_identify(.) by extensions ['cmake', 'python']
[1.526s] Level 1:colcon.colcon_core.package_identification:_identify(.) by extension 'cmake'
[1.526s] Level 1:colcon.colcon_core.package_identification:_identify(.) by extension 'python'
[1.526s] Level 1:colcon.colcon_core.package_identification:_identify(.) by extensions ['python_setup_py']
[1.526s] Level 1:colcon.colcon_core.package_identification:_identify(.) by extension 'python_setup_py'
[1.526s] Level 1:colcon.colcon_core.package_identification:_identify(build) by extensions ['ignore', 'ignore_ament_install']
[1.527s] Level 1:colcon.colcon_core.package_identification:_identify(build) by extension 'ignore'
[1.527s] Level 1:colcon.colcon_core.package_identification:_identify(build) ignored
[1.527s] Level 1:colcon.colcon_core.package_identification:_identify(install) by extensions ['ignore', 'ignore_ament_install']
[1.527s] Level 1:colcon.colcon_core.package_identification:_identify(install) by extension 'ignore'
[1.527s] Level 1:colcon.colcon_core.package_identification:_identify(install) ignored
[1.527s] Level 1:colcon.colcon_core.package_identification:_identify(log) by extensions ['ignore', 'ignore_ament_install']
[1.528s] Level 1:colcon.colcon_core.package_identification:_identify(log) by extension 'ignore'
[1.528s] Level 1:colcon.colcon_core.package_identification:_identify(log) ignored
[1.528s] Level 1:colcon.colcon_core.package_identification:_identify(src) by extensions ['ignore', 'ignore_ament_install']
[1.528s] Level 1:colcon.colcon_core.package_identification:_identify(src) by extension 'ignore'
[1.528s] Level 1:colcon.colcon_core.package_identification:_identify(src) by extension 'ignore_ament_install'
[1.528s] Level 1:colcon.colcon_core.package_identification:_identify(src) by extensions ['colcon_pkg']
[1.528s] Level 1:colcon.colcon_core.package_identification:_identify(src) by extension 'colcon_pkg'
[1.529s] Level 1:colcon.colcon_core.package_identification:_identify(src) by extensions ['colcon_meta']
[1.529s] Level 1:colcon.colcon_core.package_identification:_identify(src) by extension 'colcon_meta'
[1.529s] Level 1:colcon.colcon_core.package_identification:_identify(src) by extensions ['ros']
[1.529s] Level 1:colcon.colcon_core.package_identification:_identify(src) by extension 'ros'
[1.529s] Level 1:colcon.colcon_core.package_identification:_identify(src) by extensions ['cmake', 'python']
[1.529s] Level 1:colcon.colcon_core.package_identification:_identify(src) by extension 'cmake'
[1.529s] Level 1:colcon.colcon_core.package_identification:_identify(src) by extension 'python'
[1.529s] Level 1:colcon.colcon_core.package_identification:_identify(src) by extensions ['python_setup_py']
[1.529s] Level 1:colcon.colcon_core.package_identification:_identify(src) by extension 'python_setup_py'
[1.531s] Level 1:colcon.colcon_core.package_identification:_identify(src/reactive_behaviour) by extensions ['ignore', 'ignore_ament_install']
[1.531s] Level 1:colcon.colcon_core.package_identification:_identify(src/reactive_behaviour) by extension 'ignore'
[1.532s] Level 1:colcon.colcon_core.package_identification:_identify(src/reactive_behaviour) by extension 'ignore_ament_install'
[1.532s] Level 1:colcon.colcon_core.package_identification:_identify(src/reactive_behaviour) by extensions ['colcon_pkg']
[1.532s] Level 1:colcon.colcon_core.package_identification:_identify(src/reactive_behaviour) by extension 'colcon_pkg'
[1.532s] Level 1:colcon.colcon_core.package_identification:_identify(src/reactive_behaviour) by extensions ['colcon_meta']
[1.532s] Level 1:colcon.colcon_core.package_identification:_identify(src/reactive_behaviour) by extension 'colcon_meta'
[1.532s] Level 1:colcon.colcon_core.package_identification:_identify(src/reactive_behaviour) by extensions ['ros']
[1.532s] Level 1:colcon.colcon_core.package_identification:_identify(src/reactive_behaviour) by extension 'ros'
[1.543s] DEBUG:colcon.colcon_core.package_identification:Package 'src/reactive_behaviour' with type 'ros.ament_python' and name 'reactive_behaviour'
[1.548s] Level 1:colcon.colcon_core.package_identification:_identify(src/watchdog) by extensions ['ignore', 'ignore_ament_install']
[1.549s] Level 1:colcon.colcon_core.package_identification:_identify(src/watchdog) by extension 'ignore'
[1.549s] Level 1:colcon.colcon_core.package_identification:_identify(src/watchdog) by extension 'ignore_ament_install'
[1.549s] Level 1:colcon.colcon_core.package_identification:_identify(src/watchdog) by extensions ['colcon_pkg']
[1.549s] Level 1:colcon.colcon_core.package_identification:_identify(src/watchdog) by extension 'colcon_pkg'
[1.549s] Level 1:colcon.colcon_core.package_identification:_identify(src/watchdog) by extensions ['colcon_meta']
[1.549s] Level 1:colcon.colcon_core.package_identification:_identify(src/watchdog) by extension 'colcon_meta'
[1.551s] Level 1:colcon.colcon_core.package_identification:_identify(src/watchdog) by extensions ['ros']
[1.551s] Level 1:colcon.colcon_core.package_identification:_identify(src/watchdog) by extension 'ros'
[1.555s] DEBUG:colcon.colcon_core.package_identification:Package 'src/watchdog' with type 'ros.ament_python' and name 'watchdog'
[1.555s] Level 1:colcon.colcon_core.package_discovery:discover_packages(recursive) using defaults
[1.555s] Level 1:colcon.colcon_core.package_discovery:discover_packages(ignore) discover
[1.556s] Level 1:colcon.colcon_core.package_discovery:discover_packages(ignore) using defaults
[1.556s] Level 1:colcon.colcon_core.package_discovery:discover_packages(path) discover
[1.556s] Level 1:colcon.colcon_core.package_discovery:discover_packages(path) using defaults
[1.662s] Level 5:colcon.colcon_core.verb:set package 'reactive_behaviour' build argument 'cmake_args' from command line to 'None'
[1.662s] Level 5:colcon.colcon_core.verb:set package 'reactive_behaviour' build argument 'cmake_target' from command line to 'None'
[1.662s] Level 5:colcon.colcon_core.verb:set package 'reactive_behaviour' build argument 'cmake_target_skip_unavailable' from command line to 'False'
[1.662s] Level 5:colcon.colcon_core.verb:set package 'reactive_behaviour' build argument 'cmake_clean_cache' from command line to 'False'
[1.663s] Level 5:colcon.colcon_core.verb:set package 'reactive_behaviour' build argument 'cmake_clean_first' from command line to 'False'
[1.663s] Level 5:colcon.colcon_core.verb:set package 'reactive_behaviour' build argument 'cmake_force_configure' from command line to 'False'
[1.663s] Level 5:colcon.colcon_core.verb:set package 'reactive_behaviour' build argument 'ament_cmake_args' from command line to 'None'
[1.663s] Level 5:colcon.colcon_core.verb:set package 'reactive_behaviour' build argument 'catkin_cmake_args' from command line to 'None'
[1.663s] Level 5:colcon.colcon_core.verb:set package 'reactive_behaviour' build argument 'catkin_skip_building_tests' from command line to 'False'
[1.663s] DEBUG:colcon.colcon_core.verb:Building package 'reactive_behaviour' with the following arguments: {'ament_cmake_args': None, 'build_base': '/home/drivingswarm/Desktop/ass2/introduction_to_robotics_tutorial/build/reactive_behaviour', 'catkin_cmake_args': None, 'catkin_skip_building_tests': False, 'cmake_args': None, 'cmake_clean_cache': False, 'cmake_clean_first': False, 'cmake_force_configure': False, 'cmake_target': None, 'cmake_target_skip_unavailable': False, 'install_base': '/home/drivingswarm/Desktop/ass2/introduction_to_robotics_tutorial/install/reactive_behaviour', 'merge_install': False, 'path': '/home/drivingswarm/Desktop/ass2/introduction_to_robotics_tutorial/src/reactive_behaviour', 'symlink_install': False, 'test_result_base': None}
[1.664s] Level 5:colcon.colcon_core.verb:set package 'watchdog' build argument 'cmake_args' from command line to 'None'
[1.664s] Level 5:colcon.colcon_core.verb:set package 'watchdog' build argument 'cmake_target' from command line to 'None'
[1.664s] Level 5:colcon.colcon_core.verb:set package 'watchdog' build argument 'cmake_target_skip_unavailable' from command line to 'False'
[1.664s] Level 5:colcon.colcon_core.verb:set package 'watchdog' build argument 'cmake_clean_cache' from command line to 'False'
[1.664s] Level 5:colcon.colcon_core.verb:set package 'watchdog' build argument 'cmake_clean_first' from command line to 'False'
[1.664s] Level 5:colcon.colcon_core.verb:set package 'watchdog' build argument 'cmake_force_configure' from command line to 'False'
[1.664s] Level 5:colcon.colcon_core.verb:set package 'watchdog' build argument 'ament_cmake_args' from command line to 'None'
[1.664s] Level 5:colcon.colcon_core.verb:set package 'watchdog' build argument 'catkin_cmake_args' from command line to 'None'
[1.665s] Level 5:colcon.colcon_core.verb:set package 'watchdog' build argument 'catkin_skip_building_tests' from command line to 'False'
[1.665s] DEBUG:colcon.colcon_core.verb:Building package 'watchdog' with the following arguments: {'ament_cmake_args': None, 'build_base': '/home/drivingswarm/Desktop/ass2/introduction_to_robotics_tutorial/build/watchdog', 'catkin_cmake_args': None, 'catkin_skip_building_tests': False, 'cmake_args': None, 'cmake_clean_cache': False, 'cmake_clean_first': False, 'cmake_force_configure': False, 'cmake_target': None, 'cmake_target_skip_unavailable': False, 'install_base': '/home/drivingswarm/Desktop/ass2/introduction_to_robotics_tutorial/install/watchdog', 'merge_install': False, 'path': '/home/drivingswarm/Desktop/ass2/introduction_to_robotics_tutorial/src/watchdog', 'symlink_install': False, 'test_result_base': None}
[1.696s] INFO:colcon.colcon_core.executor:Executing jobs using 'parallel' executor
[1.700s] DEBUG:colcon.colcon_parallel_executor.executor.parallel:run_until_complete
[1.700s] INFO:colcon.colcon_ros.task.ament_python.build:Building ROS package in '/home/drivingswarm/Desktop/ass2/introduction_to_robotics_tutorial/src/reactive_behaviour' with build type 'ament_python'
[1.700s] Level 1:colcon.colcon_core.shell:create_environment_hook('reactive_behaviour', 'ament_prefix_path')
[1.752s] INFO:colcon.colcon_core.plugin_system:Skipping extension 'colcon_core.shell.bat': Not used on non-Windows systems
[1.753s] INFO:colcon.colcon_core.shell:Creating environment hook '/home/drivingswarm/Desktop/ass2/introduction_to_robotics_tutorial/install/reactive_behaviour/share/reactive_behaviour/hook/ament_prefix_path.ps1'
[1.764s] INFO:colcon.colcon_core.shell:Creating environment descriptor '/home/drivingswarm/Desktop/ass2/introduction_to_robotics_tutorial/install/reactive_behaviour/share/reactive_behaviour/hook/ament_prefix_path.dsv'
[1.767s] INFO:colcon.colcon_core.shell:Creating environment hook '/home/drivingswarm/Desktop/ass2/introduction_to_robotics_tutorial/install/reactive_behaviour/share/reactive_behaviour/hook/ament_prefix_path.sh'
[1.773s] INFO:colcon.colcon_core.shell:Skip shell extension 'powershell' for command environment: Not usable outside of PowerShell
[1.773s] DEBUG:colcon.colcon_core.shell:Skip shell extension 'dsv' for command environment
[1.798s] INFO:colcon.colcon_ros.task.ament_python.build:Building ROS package in '/home/drivingswarm/Desktop/ass2/introduction_to_robotics_tutorial/src/watchdog' with build type 'ament_python'
[1.799s] Level 1:colcon.colcon_core.shell:create_environment_hook('watchdog', 'ament_prefix_path')
[1.800s] INFO:colcon.colcon_core.shell:Creating environment hook '/home/drivingswarm/Desktop/ass2/introduction_to_robotics_tutorial/install/watchdog/share/watchdog/hook/ament_prefix_path.ps1'
[1.807s] INFO:colcon.colcon_core.shell:Creating environment descriptor '/home/drivingswarm/Desktop/ass2/introduction_to_robotics_tutorial/install/watchdog/share/watchdog/hook/ament_prefix_path.dsv'
[1.808s] INFO:colcon.colcon_core.shell:Creating environment hook '/home/drivingswarm/Desktop/ass2/introduction_to_robotics_tutorial/install/watchdog/share/watchdog/hook/ament_prefix_path.sh'
[1.810s] INFO:colcon.colcon_core.shell:Skip shell extension 'powershell' for command environment: Not usable outside of PowerShell
[1.811s] DEBUG:colcon.colcon_core.shell:Skip shell extension 'dsv' for command environment
[2.573s] INFO:colcon.colcon_core.task.python.build:Building Python package in '/home/drivingswarm/Desktop/ass2/introduction_to_robotics_tutorial/src/reactive_behaviour'
[2.574s] INFO:colcon.colcon_core.shell:Skip shell extension 'powershell' for command environment: Not usable outside of PowerShell
[2.575s] DEBUG:colcon.colcon_core.shell:Skip shell extension 'dsv' for command environment
[3.186s] INFO:colcon.colcon_core.task.python.build:Building Python package in '/home/drivingswarm/Desktop/ass2/introduction_to_robotics_tutorial/src/watchdog'
[3.187s] INFO:colcon.colcon_core.shell:Skip shell extension 'powershell' for command environment: Not usable outside of PowerShell
[3.187s] DEBUG:colcon.colcon_core.shell:Skip shell extension 'dsv' for command environment
[5.182s] DEBUG:colcon.colcon_core.event_handler.log_command:Invoking command in '/home/drivingswarm/Desktop/ass2/introduction_to_robotics_tutorial/src/reactive_behaviour': PYTHONPATH=/home/drivingswarm/Desktop/ass2/introduction_to_robotics_tutorial/install/reactive_behaviour/lib/python3.8/site-packages:${PYTHONPATH} /usr/bin/python3 setup.py egg_info --egg-base ../../build/reactive_behaviour build --build-base /home/drivingswarm/Desktop/ass2/introduction_to_robotics_tutorial/build/reactive_behaviour/build install --prefix /home/drivingswarm/Desktop/ass2/introduction_to_robotics_tutorial/install/reactive_behaviour --record /home/drivingswarm/Desktop/ass2/introduction_to_robotics_tutorial/build/reactive_behaviour/install.log --single-version-externally-managed
[5.227s] DEBUG:colcon.colcon_core.event_handler.log_command:Invoking command in '/home/drivingswarm/Desktop/ass2/introduction_to_robotics_tutorial/src/watchdog': PYTHONPATH=/home/drivingswarm/Desktop/ass2/introduction_to_robotics_tutorial/install/watchdog/lib/python3.8/site-packages:${PYTHONPATH} /usr/bin/python3 setup.py egg_info --egg-base ../../build/watchdog build --build-base /home/drivingswarm/Desktop/ass2/introduction_to_robotics_tutorial/build/watchdog/build install --prefix /home/drivingswarm/Desktop/ass2/introduction_to_robotics_tutorial/install/watchdog --record /home/drivingswarm/Desktop/ass2/introduction_to_robotics_tutorial/build/watchdog/install.log --single-version-externally-managed
[6.098s] DEBUG:colcon.colcon_core.event_handler.log_command:Invoked command in '/home/drivingswarm/Desktop/ass2/introduction_to_robotics_tutorial/src/reactive_behaviour' returned '0': PYTHONPATH=/home/drivingswarm/Desktop/ass2/introduction_to_robotics_tutorial/install/reactive_behaviour/lib/python3.8/site-packages:${PYTHONPATH} /usr/bin/python3 setup.py egg_info --egg-base ../../build/reactive_behaviour build --build-base /home/drivingswarm/Desktop/ass2/introduction_to_robotics_tutorial/build/reactive_behaviour/build install --prefix /home/drivingswarm/Desktop/ass2/introduction_to_robotics_tutorial/install/reactive_behaviour --record /home/drivingswarm/Desktop/ass2/introduction_to_robotics_tutorial/build/reactive_behaviour/install.log --single-version-externally-managed
[6.179s] Level 1:colcon.colcon_core.environment:checking '/home/drivingswarm/Desktop/ass2/introduction_to_robotics_tutorial/install/reactive_behaviour' for CMake module files
[6.181s] Level 1:colcon.colcon_core.environment:checking '/home/drivingswarm/Desktop/ass2/introduction_to_robotics_tutorial/install/reactive_behaviour' for CMake config files
[6.188s] Level 1:colcon.colcon_core.environment:checking '/home/drivingswarm/Desktop/ass2/introduction_to_robotics_tutorial/install/reactive_behaviour/lib'
[6.189s] Level 1:colcon.colcon_core.environment:checking '/home/drivingswarm/Desktop/ass2/introduction_to_robotics_tutorial/install/reactive_behaviour/bin'
[6.189s] Level 1:colcon.colcon_core.environment:checking '/home/drivingswarm/Desktop/ass2/introduction_to_robotics_tutorial/install/reactive_behaviour/lib/pkgconfig/reactive_behaviour.pc'
[6.190s] Level 1:colcon.colcon_core.environment:checking '/home/drivingswarm/Desktop/ass2/introduction_to_robotics_tutorial/install/reactive_behaviour/lib/python3.8/site-packages'
[6.190s] Level 1:colcon.colcon_core.shell:create_environment_hook('reactive_behaviour', 'pythonpath')
[6.191s] INFO:colcon.colcon_core.shell:Creating environment hook '/home/drivingswarm/Desktop/ass2/introduction_to_robotics_tutorial/install/reactive_behaviour/share/reactive_behaviour/hook/pythonpath.ps1'
[6.196s] INFO:colcon.colcon_core.shell:Creating environment descriptor '/home/drivingswarm/Desktop/ass2/introduction_to_robotics_tutorial/install/reactive_behaviour/share/reactive_behaviour/hook/pythonpath.dsv'
[6.199s] INFO:colcon.colcon_core.shell:Creating environment hook '/home/drivingswarm/Desktop/ass2/introduction_to_robotics_tutorial/install/reactive_behaviour/share/reactive_behaviour/hook/pythonpath.sh'
[6.200s] Level 1:colcon.colcon_core.environment:create_environment_scripts_only(reactive_behaviour)
[6.201s] INFO:colcon.colcon_core.shell:Creating package script '/home/drivingswarm/Desktop/ass2/introduction_to_robotics_tutorial/install/reactive_behaviour/share/reactive_behaviour/package.ps1'
[6.210s] INFO:colcon.colcon_core.shell:Creating package descriptor '/home/drivingswarm/Desktop/ass2/introduction_to_robotics_tutorial/install/reactive_behaviour/share/reactive_behaviour/package.dsv'
[6.214s] INFO:colcon.colcon_core.shell:Creating package script '/home/drivingswarm/Desktop/ass2/introduction_to_robotics_tutorial/install/reactive_behaviour/share/reactive_behaviour/package.sh'
[6.219s] INFO:colcon.colcon_core.shell:Creating package script '/home/drivingswarm/Desktop/ass2/introduction_to_robotics_tutorial/install/reactive_behaviour/share/reactive_behaviour/package.bash'
[6.225s] INFO:colcon.colcon_core.shell:Creating package script '/home/drivingswarm/Desktop/ass2/introduction_to_robotics_tutorial/install/reactive_behaviour/share/reactive_behaviour/package.zsh'
[6.235s] Level 1:colcon.colcon_core.environment:create_file_with_runtime_dependencies(/home/drivingswarm/Desktop/ass2/introduction_to_robotics_tutorial/install/reactive_behaviour/share/colcon-core/packages/reactive_behaviour)
[6.241s] Level 1:colcon.colcon_core.environment:checking '/home/drivingswarm/Desktop/ass2/introduction_to_robotics_tutorial/install/watchdog' for CMake module files
[6.244s] DEBUG:colcon.colcon_core.event_handler.log_command:Invoked command in '/home/drivingswarm/Desktop/ass2/introduction_to_robotics_tutorial/src/watchdog' returned '0': PYTHONPATH=/home/drivingswarm/Desktop/ass2/introduction_to_robotics_tutorial/install/watchdog/lib/python3.8/site-packages:${PYTHONPATH} /usr/bin/python3 setup.py egg_info --egg-base ../../build/watchdog build --build-base /home/drivingswarm/Desktop/ass2/introduction_to_robotics_tutorial/build/watchdog/build install --prefix /home/drivingswarm/Desktop/ass2/introduction_to_robotics_tutorial/install/watchdog --record /home/drivingswarm/Desktop/ass2/introduction_to_robotics_tutorial/build/watchdog/install.log --single-version-externally-managed
[6.246s] Level 1:colcon.colcon_core.environment:checking '/home/drivingswarm/Desktop/ass2/introduction_to_robotics_tutorial/install/watchdog' for CMake config files
[6.250s] Level 1:colcon.colcon_core.environment:checking '/home/drivingswarm/Desktop/ass2/introduction_to_robotics_tutorial/install/watchdog/lib'
[6.251s] Level 1:colcon.colcon_core.environment:checking '/home/drivingswarm/Desktop/ass2/introduction_to_robotics_tutorial/install/watchdog/bin'
[6.251s] Level 1:colcon.colcon_core.environment:checking '/home/drivingswarm/Desktop/ass2/introduction_to_robotics_tutorial/install/watchdog/lib/pkgconfig/watchdog.pc'
[6.251s] Level 1:colcon.colcon_core.environment:checking '/home/drivingswarm/Desktop/ass2/introduction_to_robotics_tutorial/install/watchdog/lib/python3.8/site-packages'
[6.251s] Level 1:colcon.colcon_core.shell:create_environment_hook('watchdog', 'pythonpath')
[6.252s] INFO:colcon.colcon_core.shell:Creating environment hook '/home/drivingswarm/Desktop/ass2/introduction_to_robotics_tutorial/install/watchdog/share/watchdog/hook/pythonpath.ps1'
[6.254s] INFO:colcon.colcon_core.shell:Creating environment descriptor '/home/drivingswarm/Desktop/ass2/introduction_to_robotics_tutorial/install/watchdog/share/watchdog/hook/pythonpath.dsv'
[6.255s] INFO:colcon.colcon_core.shell:Creating environment hook '/home/drivingswarm/Desktop/ass2/introduction_to_robotics_tutorial/install/watchdog/share/watchdog/hook/pythonpath.sh'
[6.257s] Level 1:colcon.colcon_core.environment:create_environment_scripts_only(watchdog)
[6.258s] INFO:colcon.colcon_core.shell:Creating package script '/home/drivingswarm/Desktop/ass2/introduction_to_robotics_tutorial/install/watchdog/share/watchdog/package.ps1'
[6.259s] INFO:colcon.colcon_core.shell:Creating package descriptor '/home/drivingswarm/Desktop/ass2/introduction_to_robotics_tutorial/install/watchdog/share/watchdog/package.dsv'
[6.263s] INFO:colcon.colcon_core.shell:Creating package script '/home/drivingswarm/Desktop/ass2/introduction_to_robotics_tutorial/install/watchdog/share/watchdog/package.sh'
[6.266s] INFO:colcon.colcon_core.shell:Creating package script '/home/drivingswarm/Desktop/ass2/introduction_to_robotics_tutorial/install/watchdog/share/watchdog/package.bash'
[6.268s] INFO:colcon.colcon_core.shell:Creating package script '/home/drivingswarm/Desktop/ass2/introduction_to_robotics_tutorial/install/watchdog/share/watchdog/package.zsh'
[6.269s] Level 1:colcon.colcon_core.environment:create_file_with_runtime_dependencies(/home/drivingswarm/Desktop/ass2/introduction_to_robotics_tutorial/install/watchdog/share/colcon-core/packages/watchdog)
[6.270s] DEBUG:colcon.colcon_parallel_executor.executor.parallel:closing loop
[6.271s] DEBUG:colcon.colcon_parallel_executor.executor.parallel:loop closed
[6.274s] DEBUG:colcon.colcon_parallel_executor.executor.parallel:run_until_complete finished with '0'
[6.274s] DEBUG:colcon.colcon_core.event_reactor:joining thread
[6.304s] INFO:colcon.colcon_core.plugin_system:Skipping extension 'colcon_notification.desktop_notification.terminal_notifier': Not used on non-Darwin systems
[6.304s] INFO:colcon.colcon_core.plugin_system:Skipping extension 'colcon_notification.desktop_notification.win32': Not used on non-Windows systems
[6.304s] INFO:colcon.colcon_notification.desktop_notification:Sending desktop notification using 'notify2'
[6.378s] DEBUG:colcon.colcon_core.event_reactor:joined thread
[6.379s] INFO:colcon.colcon_core.shell:Creating prefix script '/home/drivingswarm/Desktop/ass2/introduction_to_robotics_tutorial/install/local_setup.ps1'
[6.386s] INFO:colcon.colcon_core.shell:Creating prefix util module '/home/drivingswarm/Desktop/ass2/introduction_to_robotics_tutorial/install/_local_setup_util_ps1.py'
[6.403s] INFO:colcon.colcon_core.shell:Creating prefix chain script '/home/drivingswarm/Desktop/ass2/introduction_to_robotics_tutorial/install/setup.ps1'
[6.424s] INFO:colcon.colcon_core.shell:Creating prefix script '/home/drivingswarm/Desktop/ass2/introduction_to_robotics_tutorial/install/local_setup.sh'
[6.427s] INFO:colcon.colcon_core.shell:Creating prefix util module '/home/drivingswarm/Desktop/ass2/introduction_to_robotics_tutorial/install/_local_setup_util_sh.py'
[6.431s] INFO:colcon.colcon_core.shell:Creating prefix chain script '/home/drivingswarm/Desktop/ass2/introduction_to_robotics_tutorial/install/setup.sh'
[6.450s] INFO:colcon.colcon_core.shell:Creating prefix script '/home/drivingswarm/Desktop/ass2/introduction_to_robotics_tutorial/install/local_setup.bash'
[6.454s] INFO:colcon.colcon_core.shell:Creating prefix chain script '/home/drivingswarm/Desktop/ass2/introduction_to_robotics_tutorial/install/setup.bash'
[6.462s] INFO:colcon.colcon_core.shell:Creating prefix script '/home/drivingswarm/Desktop/ass2/introduction_to_robotics_tutorial/install/local_setup.zsh'
[6.466s] INFO:colcon.colcon_core.shell:Creating prefix chain script '/home/drivingswarm/Desktop/ass2/introduction_to_robotics_tutorial/install/setup.zsh'
