running egg_info
writing ../../build/reactive_behaviour/reactive_behaviour.egg-info/PKG-INFO
writing dependency_links to ../../build/reactive_behaviour/reactive_behaviour.egg-info/dependency_links.txt
writing entry points to ../../build/reactive_behaviour/reactive_behaviour.egg-info/entry_points.txt
writing requirements to ../../build/reactive_behaviour/reactive_behaviour.egg-info/requires.txt
writing top-level names to ../../build/reactive_behaviour/reactive_behaviour.egg-info/top_level.txt
reading manifest file '../../build/reactive_behaviour/reactive_behaviour.egg-info/SOURCES.txt'
writing manifest file '../../build/reactive_behaviour/reactive_behaviour.egg-info/SOURCES.txt'
running build
running build_py
running install
running install_lib
running install_data
running install_egg_info
removing '/home/drivingswarm/Desktop/ass2/introduction_to_robotics_tutorial/install/reactive_behaviour/lib/python3.8/site-packages/reactive_behaviour-0.0.0-py3.8.egg-info' (and everything under it)
Copying ../../build/reactive_behaviour/reactive_behaviour.egg-info to /home/drivingswarm/Desktop/ass2/introduction_to_robotics_tutorial/install/reactive_behaviour/lib/python3.8/site-packages/reactive_behaviour-0.0.0-py3.8.egg-info
running install_scripts
Installing controller script to /home/drivingswarm/Desktop/ass2/introduction_to_robotics_tutorial/install/reactive_behaviour/lib/reactive_behaviour
Installing scoring script to /home/drivingswarm/Desktop/ass2/introduction_to_robotics_tutorial/install/reactive_behaviour/lib/reactive_behaviour
writing list of installed files to '/home/drivingswarm/Desktop/ass2/introduction_to_robotics_tutorial/build/reactive_behaviour/install.log'
