running egg_info
writing ../../build/watchdog/watchdog.egg-info/PKG-INFO
writing dependency_links to ../../build/watchdog/watchdog.egg-info/dependency_links.txt
writing entry points to ../../build/watchdog/watchdog.egg-info/entry_points.txt
writing requirements to ../../build/watchdog/watchdog.egg-info/requires.txt
writing top-level names to ../../build/watchdog/watchdog.egg-info/top_level.txt
reading manifest file '../../build/watchdog/watchdog.egg-info/SOURCES.txt'
writing manifest file '../../build/watchdog/watchdog.egg-info/SOURCES.txt'
running build
running build_py
running install
running install_lib
running install_data
running install_egg_info
removing '/home/drivingswarm/Desktop/ass2/introduction_to_robotics_tutorial/install/watchdog/lib/python3.8/site-packages/watchdog-0.0.0-py3.8.egg-info' (and everything under it)
Copying ../../build/watchdog/watchdog.egg-info to /home/drivingswarm/Desktop/ass2/introduction_to_robotics_tutorial/install/watchdog/lib/python3.8/site-packages/watchdog-0.0.0-py3.8.egg-info
running install_scripts
Installing controller script to /home/drivingswarm/Desktop/ass2/introduction_to_robotics_tutorial/install/watchdog/lib/watchdog
Installing watchdog script to /home/drivingswarm/Desktop/ass2/introduction_to_robotics_tutorial/install/watchdog/lib/watchdog
writing list of installed files to '/home/drivingswarm/Desktop/ass2/introduction_to_robotics_tutorial/build/watchdog/install.log'
